Listing 'c:\\Users\\Alaster\\Documents\\GitHub\\PathSafetyAssessmentTool\\backend\\app'...
Listing 'c:\\Users\\Alaster\\Documents\\GitHub\\PathSafetyAssessmentTool\\backend\\app\\api'...
Compiling 'c:\\Users\\Alaster\\Documents\\GitHub\\PathSafetyAssessmentTool\\backend\\app\\api\\__init__.py'...
Listing 'c:\\Users\\Alaster\\Documents\\GitHub\\PathSafetyAssessmentTool\\backend\\app\\api\\cycleRAP'...
Listing 'c:\\Users\\Alaster\\Documents\\GitHub\\PathSafetyAssessmentTool\\backend\\app\\api\\defects'...
Compiling 'c:\\Users\\Alaster\\Documents\\GitHub\\PathSafetyAssessmentTool\\backend\\app\\api\\defects\\__init__.py'...
Compiling 'c:\\Users\\Alaster\\Documents\\GitHub\\PathSafetyAssessmentTool\\backend\\app\\api\\defects\\routes.py'...
Listing 'c:\\Users\\Alaster\\Documents\\GitHub\\PathSafetyAssessmentTool\\backend\\app\\api\\gis_layers'...
Compiling 'c:\\Users\\Alaster\\Documents\\GitHub\\PathSafetyAssessmentTool\\backend\\app\\api\\gis_layers\\routes.py'...
Listing 'c:\\Users\\Alaster\\Documents\\GitHub\\PathSafetyAssessmentTool\\backend\\app\\api\\projects'...
Compiling 'c:\\Users\\Alaster\\Documents\\GitHub\\PathSafetyAssessmentTool\\backend\\app\\api\\projects\\routes.py'...
Listing 'c:\\Users\\Alaster\\Documents\\GitHub\\PathSafetyAssessmentTool\\backend\\app\\services'...
Compiling 'c:\\Users\\Alaster\\Documents\\GitHub\\PathSafetyAssessmentTool\\backend\\app\\services\\cycleRAP_VA.py'...
Compiling 'c:\\Users\\Alaster\\Documents\\GitHub\\PathSafetyAssessmentTool\\backend\\app\\services\\cycleRAP_interface.py'...
Compiling 'c:\\Users\\Alaster\\Documents\\GitHub\\PathSafetyAssessmentTool\\backend\\app\\services\\defects_store.py'...
Compiling 'c:\\Users\\Alaster\\Documents\\GitHub\\PathSafetyAssessmentTool\\backend\\app\\services\\ema.py'...
Compiling 'c:\\Users\\Alaster\\Documents\\GitHub\\PathSafetyAssessmentTool\\backend\\app\\services\\gis_layer_definition.py'...
Compiling 'c:\\Users\\Alaster\\Documents\\GitHub\\PathSafetyAssessmentTool\\backend\\app\\services\\gis_mapping.py'...
Compiling 'c:\\Users\\Alaster\\Documents\\GitHub\\PathSafetyAssessmentTool\\backend\\app\\services\\global_var.py'...
Compiling 'c:\\Users\\Alaster\\Documents\\GitHub\\PathSafetyAssessmentTool\\backend\\app\\services\\prediction.py'...
Compiling 'c:\\Users\\Alaster\\Documents\\GitHub\\PathSafetyAssessmentTool\\backend\\app\\services\\project_manager.py'...
Compiling 'c:\\Users\\Alaster\\Documents\\GitHub\\PathSafetyAssessmentTool\\backend\\app\\services\\serializer.py'...
Listing 'c:\\Users\\Alaster\\Documents\\GitHub\\PathSafetyAssessmentTool\\backend\\app\\utils'...
